[0.016s] Invoking command in '/home/vivi/workspace/chortle/build/chortle': CMAKE_PREFIX_PATH=/opt/ros/humble /usr/bin/cmake --build /home/vivi/workspace/chortle/build/chortle -- -j8 -l8
[0.026s] gmake[1]: Entering directory '/home/vivi/workspace/chortle/build/chortle'
[0.045s] gmake[2]: Entering directory '/home/vivi/workspace/chortle/build/chortle'
[0.046s] gmake[3]: Entering directory '/home/vivi/workspace/chortle/build/chortle'
[0.054s] [35m[1mConsolidate compiler generated dependencies of target chortle[0m
[0.055s] gmake[3]: Leaving directory '/home/vivi/workspace/chortle/build/chortle'
[0.065s] [100%] Built target chortle
[0.066s] gmake[2]: Leaving directory '/home/vivi/workspace/chortle/build/chortle'
[0.075s] gmake[1]: Leaving directory '/home/vivi/workspace/chortle/build/chortle'
[0.077s] Invoked command in '/home/vivi/workspace/chortle/build/chortle' returned '0': CMAKE_PREFIX_PATH=/opt/ros/humble /usr/bin/cmake --build /home/vivi/workspace/chortle/build/chortle -- -j8 -l8
[0.111s] Invoking command in '/home/vivi/workspace/chortle/build/chortle': CMAKE_PREFIX_PATH=/opt/ros/humble /usr/bin/cmake --install /home/vivi/workspace/chortle/build/chortle
[0.119s] -- Install configuration: ""
[0.120s] -- Up-to-date: /home/vivi/workspace/chortle/install/chortle/lib/chortle/chortle
[0.120s] -- Up-to-date: /home/vivi/workspace/chortle/install/chortle/share/ament_index/resource_index/package_run_dependencies/chortle
[0.120s] -- Up-to-date: /home/vivi/workspace/chortle/install/chortle/share/ament_index/resource_index/parent_prefix_path/chortle
[0.120s] -- Up-to-date: /home/vivi/workspace/chortle/install/chortle/share/chortle/environment/ament_prefix_path.sh
[0.120s] -- Up-to-date: /home/vivi/workspace/chortle/install/chortle/share/chortle/environment/ament_prefix_path.dsv
[0.120s] -- Up-to-date: /home/vivi/workspace/chortle/install/chortle/share/chortle/environment/path.sh
[0.120s] -- Up-to-date: /home/vivi/workspace/chortle/install/chortle/share/chortle/environment/path.dsv
[0.120s] -- Up-to-date: /home/vivi/workspace/chortle/install/chortle/share/chortle/local_setup.bash
[0.121s] -- Up-to-date: /home/vivi/workspace/chortle/install/chortle/share/chortle/local_setup.sh
[0.121s] -- Up-to-date: /home/vivi/workspace/chortle/install/chortle/share/chortle/local_setup.zsh
[0.121s] -- Up-to-date: /home/vivi/workspace/chortle/install/chortle/share/chortle/local_setup.dsv
[0.121s] -- Up-to-date: /home/vivi/workspace/chortle/install/chortle/share/chortle/package.dsv
[0.121s] -- Up-to-date: /home/vivi/workspace/chortle/install/chortle/share/ament_index/resource_index/packages/chortle
[0.121s] -- Up-to-date: /home/vivi/workspace/chortle/install/chortle/share/chortle/cmake/chortleConfig.cmake
[0.121s] -- Up-to-date: /home/vivi/workspace/chortle/install/chortle/share/chortle/cmake/chortleConfig-version.cmake
[0.121s] -- Up-to-date: /home/vivi/workspace/chortle/install/chortle/share/chortle/package.xml
[0.123s] Invoked command in '/home/vivi/workspace/chortle/build/chortle' returned '0': CMAKE_PREFIX_PATH=/opt/ros/humble /usr/bin/cmake --install /home/vivi/workspace/chortle/build/chortle
