[0.452s] DEBUG:colcon:Command line arguments: ['/usr/bin/colcon', 'build']
[0.452s] DEBUG:colcon:Parsed command line arguments: Namespace(log_base=None, log_level=None, verb_name='build', build_base='build', install_base='install', merge_install=False, symlink_install=False, test_result_base=None, continue_on_error=False, executor='parallel', parallel_workers=8, event_handlers=None, ignore_user_meta=False, metas=['./colcon.meta'], base_paths=['.'], packages_ignore=None, packages_ignore_regex=None, paths=None, packages_up_to=None, packages_up_to_regex=None, packages_above=None, packages_above_and_dependencies=None, packages_above_depth=None, packages_select_by_dep=None, packages_skip_by_dep=None, packages_skip_up_to=None, packages_select_build_failed=False, packages_skip_build_finished=False, packages_select_test_failures=False, packages_skip_test_passed=False, packages_select=None, packages_skip=None, packages_select_regex=None, packages_skip_regex=None, packages_start=None, packages_end=None, allow_overriding=[], cmake_args=None, cmake_target=None, cmake_target_skip_unavailable=False, cmake_clean_cache=False, cmake_clean_first=False, cmake_force_configure=False, ament_cmake_args=None, catkin_cmake_args=None, catkin_skip_building_tests=False, mixin_files=None, mixin=None, verb_parser=<colcon_mixin.mixin.mixin_argument.MixinArgumentDecorator object at 0x7f368ed0c340>, verb_extension=<colcon_core.verb.build.BuildVerb object at 0x7f368f736500>, main=<bound method BuildVerb.main of <colcon_core.verb.build.BuildVerb object at 0x7f368f736500>>, mixin_verb=('build',))
[0.480s] Level 1:colcon.colcon_core.package_discovery:discover_packages(colcon_meta) check parameters
[0.480s] Level 1:colcon.colcon_core.package_discovery:discover_packages(recursive) check parameters
[0.480s] Level 1:colcon.colcon_core.package_discovery:discover_packages(ignore) check parameters
[0.480s] Level 1:colcon.colcon_core.package_discovery:discover_packages(path) check parameters
[0.480s] Level 1:colcon.colcon_core.package_discovery:discover_packages(colcon_meta) discover
[0.481s] Level 1:colcon.colcon_core.package_discovery:discover_packages(recursive) discover
[0.481s] INFO:colcon.colcon_core.package_discovery:Crawling recursively for packages in '/home/vivi/workspace/chortle'
[0.481s] Level 1:colcon.colcon_core.package_identification:_identify(.) by extensions ['ignore', 'ignore_ament_install']
[0.481s] Level 1:colcon.colcon_core.package_identification:_identify(.) by extension 'ignore'
[0.481s] Level 1:colcon.colcon_core.package_identification:_identify(.) by extension 'ignore_ament_install'
[0.481s] Level 1:colcon.colcon_core.package_identification:_identify(.) by extensions ['colcon_pkg']
[0.481s] Level 1:colcon.colcon_core.package_identification:_identify(.) by extension 'colcon_pkg'
[0.481s] Level 1:colcon.colcon_core.package_identification:_identify(.) by extensions ['colcon_meta']
[0.481s] Level 1:colcon.colcon_core.package_identification:_identify(.) by extension 'colcon_meta'
[0.481s] Level 1:colcon.colcon_core.package_identification:_identify(.) by extensions ['ros']
[0.481s] Level 1:colcon.colcon_core.package_identification:_identify(.) by extension 'ros'
[0.497s] DEBUG:colcon.colcon_core.package_identification:Package '.' with type 'ros.ament_cmake' and name 'chortle'
[0.497s] Level 1:colcon.colcon_core.package_discovery:discover_packages(recursive) using defaults
[0.498s] Level 1:colcon.colcon_core.package_discovery:discover_packages(ignore) discover
[0.498s] Level 1:colcon.colcon_core.package_discovery:discover_packages(ignore) using defaults
[0.498s] Level 1:colcon.colcon_core.package_discovery:discover_packages(path) discover
[0.498s] Level 1:colcon.colcon_core.package_discovery:discover_packages(path) using defaults
[0.524s] Level 1:colcon.colcon_core.package_discovery:discover_packages(prefix_path) check parameters
[0.524s] Level 1:colcon.colcon_core.package_discovery:discover_packages(prefix_path) discover
[0.528s] DEBUG:colcon.colcon_installed_package_information.package_discovery:Found 312 installed packages in /opt/ros/humble
[0.531s] Level 1:colcon.colcon_core.package_discovery:discover_packages(prefix_path) using defaults
[0.621s] Level 5:colcon.colcon_core.verb:set package 'chortle' build argument 'cmake_args' from command line to 'None'
[0.621s] Level 5:colcon.colcon_core.verb:set package 'chortle' build argument 'cmake_target' from command line to 'None'
[0.621s] Level 5:colcon.colcon_core.verb:set package 'chortle' build argument 'cmake_target_skip_unavailable' from command line to 'False'
[0.621s] Level 5:colcon.colcon_core.verb:set package 'chortle' build argument 'cmake_clean_cache' from command line to 'False'
[0.621s] Level 5:colcon.colcon_core.verb:set package 'chortle' build argument 'cmake_clean_first' from command line to 'False'
[0.621s] Level 5:colcon.colcon_core.verb:set package 'chortle' build argument 'cmake_force_configure' from command line to 'False'
[0.621s] Level 5:colcon.colcon_core.verb:set package 'chortle' build argument 'ament_cmake_args' from command line to 'None'
[0.621s] Level 5:colcon.colcon_core.verb:set package 'chortle' build argument 'catkin_cmake_args' from command line to 'None'
[0.621s] Level 5:colcon.colcon_core.verb:set package 'chortle' build argument 'catkin_skip_building_tests' from command line to 'False'
[0.621s] DEBUG:colcon.colcon_core.verb:Building package 'chortle' with the following arguments: {'ament_cmake_args': None, 'build_base': '/home/vivi/workspace/chortle/build/chortle', 'catkin_cmake_args': None, 'catkin_skip_building_tests': False, 'cmake_args': None, 'cmake_clean_cache': False, 'cmake_clean_first': False, 'cmake_force_configure': False, 'cmake_target': None, 'cmake_target_skip_unavailable': False, 'install_base': '/home/vivi/workspace/chortle/install/chortle', 'merge_install': False, 'path': '/home/vivi/workspace/chortle', 'symlink_install': False, 'test_result_base': None}
[0.622s] INFO:colcon.colcon_core.executor:Executing jobs using 'parallel' executor
[0.626s] DEBUG:colcon.colcon_parallel_executor.executor.parallel:run_until_complete
[0.626s] INFO:colcon.colcon_ros.task.ament_cmake.build:Building ROS package in '/home/vivi/workspace/chortle' with build type 'ament_cmake'
[0.626s] INFO:colcon.colcon_cmake.task.cmake.build:Building CMake package in '/home/vivi/workspace/chortle'
[0.631s] INFO:colcon.colcon_core.plugin_system:Skipping extension 'colcon_core.shell.bat': Not used on non-Windows systems
[0.632s] INFO:colcon.colcon_core.shell:Skip shell extension 'powershell' for command environment: Not usable outside of PowerShell
[0.632s] DEBUG:colcon.colcon_core.shell:Skip shell extension 'dsv' for command environment
[0.643s] DEBUG:colcon.colcon_core.event_handler.log_command:Invoking command in '/home/vivi/workspace/chortle/build/chortle': CMAKE_PREFIX_PATH=/opt/ros/humble /usr/bin/cmake --build /home/vivi/workspace/chortle/build/chortle -- -j8 -l8
[0.704s] DEBUG:colcon.colcon_core.event_handler.log_command:Invoked command in '/home/vivi/workspace/chortle/build/chortle' returned '0': CMAKE_PREFIX_PATH=/opt/ros/humble /usr/bin/cmake --build /home/vivi/workspace/chortle/build/chortle -- -j8 -l8
[0.739s] DEBUG:colcon.colcon_core.event_handler.log_command:Invoking command in '/home/vivi/workspace/chortle/build/chortle': CMAKE_PREFIX_PATH=/opt/ros/humble /usr/bin/cmake --install /home/vivi/workspace/chortle/build/chortle
[0.749s] Level 1:colcon.colcon_core.environment:create_environment_scripts_only(chortle)
[0.750s] DEBUG:colcon.colcon_core.event_handler.log_command:Invoked command in '/home/vivi/workspace/chortle/build/chortle' returned '0': CMAKE_PREFIX_PATH=/opt/ros/humble /usr/bin/cmake --install /home/vivi/workspace/chortle/build/chortle
[0.755s] Level 1:colcon.colcon_core.environment:checking '/home/vivi/workspace/chortle/install/chortle' for CMake module files
[0.756s] Level 1:colcon.colcon_core.environment:checking '/home/vivi/workspace/chortle/install/chortle' for CMake config files
[0.756s] Level 1:colcon.colcon_core.shell:create_environment_hook('chortle', 'cmake_prefix_path')
[0.758s] INFO:colcon.colcon_core.shell:Creating environment hook '/home/vivi/workspace/chortle/install/chortle/share/chortle/hook/cmake_prefix_path.ps1'
[0.758s] INFO:colcon.colcon_core.shell:Creating environment descriptor '/home/vivi/workspace/chortle/install/chortle/share/chortle/hook/cmake_prefix_path.dsv'
[0.759s] INFO:colcon.colcon_core.shell:Creating environment hook '/home/vivi/workspace/chortle/install/chortle/share/chortle/hook/cmake_prefix_path.sh'
[0.760s] Level 1:colcon.colcon_core.environment:checking '/home/vivi/workspace/chortle/install/chortle/lib'
[0.760s] Level 1:colcon.colcon_core.environment:checking '/home/vivi/workspace/chortle/install/chortle/bin'
[0.760s] Level 1:colcon.colcon_core.environment:checking '/home/vivi/workspace/chortle/install/chortle/lib/pkgconfig/chortle.pc'
[0.760s] Level 1:colcon.colcon_core.environment:checking '/home/vivi/workspace/chortle/install/chortle/lib/python3.10/site-packages'
[0.761s] Level 1:colcon.colcon_core.environment:checking '/home/vivi/workspace/chortle/install/chortle/bin'
[0.762s] INFO:colcon.colcon_core.shell:Creating package script '/home/vivi/workspace/chortle/install/chortle/share/chortle/package.ps1'
[0.763s] INFO:colcon.colcon_core.shell:Creating package descriptor '/home/vivi/workspace/chortle/install/chortle/share/chortle/package.dsv'
[0.763s] INFO:colcon.colcon_core.shell:Creating package script '/home/vivi/workspace/chortle/install/chortle/share/chortle/package.sh'
[0.764s] INFO:colcon.colcon_core.shell:Creating package script '/home/vivi/workspace/chortle/install/chortle/share/chortle/package.bash'
[0.765s] INFO:colcon.colcon_core.shell:Creating package script '/home/vivi/workspace/chortle/install/chortle/share/chortle/package.zsh'
[0.766s] Level 1:colcon.colcon_core.environment:create_file_with_runtime_dependencies(/home/vivi/workspace/chortle/install/chortle/share/colcon-core/packages/chortle)
[0.790s] Level 1:colcon.colcon_core.environment:create_environment_scripts_only(chortle)
[0.793s] Level 1:colcon.colcon_core.environment:checking '/home/vivi/workspace/chortle/install/chortle' for CMake module files
[0.793s] Level 1:colcon.colcon_core.environment:checking '/home/vivi/workspace/chortle/install/chortle' for CMake config files
[0.794s] Level 1:colcon.colcon_core.shell:create_environment_hook('chortle', 'cmake_prefix_path')
[0.795s] INFO:colcon.colcon_core.shell:Creating environment hook '/home/vivi/workspace/chortle/install/chortle/share/chortle/hook/cmake_prefix_path.ps1'
[0.796s] INFO:colcon.colcon_core.shell:Creating environment descriptor '/home/vivi/workspace/chortle/install/chortle/share/chortle/hook/cmake_prefix_path.dsv'
[0.796s] INFO:colcon.colcon_core.shell:Creating environment hook '/home/vivi/workspace/chortle/install/chortle/share/chortle/hook/cmake_prefix_path.sh'
[0.796s] Level 1:colcon.colcon_core.environment:checking '/home/vivi/workspace/chortle/install/chortle/lib'
[0.797s] Level 1:colcon.colcon_core.environment:checking '/home/vivi/workspace/chortle/install/chortle/bin'
[0.797s] Level 1:colcon.colcon_core.environment:checking '/home/vivi/workspace/chortle/install/chortle/lib/pkgconfig/chortle.pc'
[0.797s] Level 1:colcon.colcon_core.environment:checking '/home/vivi/workspace/chortle/install/chortle/lib/python3.10/site-packages'
[0.797s] Level 1:colcon.colcon_core.environment:checking '/home/vivi/workspace/chortle/install/chortle/bin'
[0.799s] INFO:colcon.colcon_core.shell:Creating package script '/home/vivi/workspace/chortle/install/chortle/share/chortle/package.ps1'
[0.799s] INFO:colcon.colcon_core.shell:Creating package descriptor '/home/vivi/workspace/chortle/install/chortle/share/chortle/package.dsv'
[0.800s] INFO:colcon.colcon_core.shell:Creating package script '/home/vivi/workspace/chortle/install/chortle/share/chortle/package.sh'
[0.800s] INFO:colcon.colcon_core.shell:Creating package script '/home/vivi/workspace/chortle/install/chortle/share/chortle/package.bash'
[0.801s] INFO:colcon.colcon_core.shell:Creating package script '/home/vivi/workspace/chortle/install/chortle/share/chortle/package.zsh'
[0.801s] Level 1:colcon.colcon_core.environment:create_file_with_runtime_dependencies(/home/vivi/workspace/chortle/install/chortle/share/colcon-core/packages/chortle)
[0.801s] DEBUG:colcon.colcon_parallel_executor.executor.parallel:closing loop
[0.802s] DEBUG:colcon.colcon_parallel_executor.executor.parallel:loop closed
[0.802s] DEBUG:colcon.colcon_parallel_executor.executor.parallel:run_until_complete finished with '0'
[0.802s] DEBUG:colcon.colcon_core.event_reactor:joining thread
[0.808s] INFO:colcon.colcon_core.plugin_system:Skipping extension 'colcon_notification.desktop_notification.terminal_notifier': Not used on non-Darwin systems
[0.808s] INFO:colcon.colcon_core.plugin_system:Skipping extension 'colcon_notification.desktop_notification.win32': Not used on non-Windows systems
[0.808s] INFO:colcon.colcon_notification.desktop_notification:Sending desktop notification using 'notify2'
[0.825s] DEBUG:colcon.colcon_core.event_reactor:joined thread
[0.827s] INFO:colcon.colcon_core.shell:Creating prefix script '/home/vivi/workspace/chortle/install/local_setup.ps1'
[0.828s] INFO:colcon.colcon_core.shell:Creating prefix util module '/home/vivi/workspace/chortle/install/_local_setup_util_ps1.py'
[0.829s] INFO:colcon.colcon_core.shell:Creating prefix chain script '/home/vivi/workspace/chortle/install/setup.ps1'
[0.831s] INFO:colcon.colcon_core.shell:Creating prefix script '/home/vivi/workspace/chortle/install/local_setup.sh'
[0.831s] INFO:colcon.colcon_core.shell:Creating prefix util module '/home/vivi/workspace/chortle/install/_local_setup_util_sh.py'
[0.832s] INFO:colcon.colcon_core.shell:Creating prefix chain script '/home/vivi/workspace/chortle/install/setup.sh'
[0.833s] INFO:colcon.colcon_core.shell:Creating prefix script '/home/vivi/workspace/chortle/install/local_setup.bash'
[0.834s] INFO:colcon.colcon_core.shell:Creating prefix chain script '/home/vivi/workspace/chortle/install/setup.bash'
[0.835s] INFO:colcon.colcon_core.shell:Creating prefix script '/home/vivi/workspace/chortle/install/local_setup.zsh'
[0.835s] INFO:colcon.colcon_core.shell:Creating prefix chain script '/home/vivi/workspace/chortle/install/setup.zsh'
