[0.014s] Invoking command in '/home/vivi/workspace/chortle/build/chortle': CMAKE_PREFIX_PATH=/opt/ros/humble /usr/bin/cmake /home/vivi/workspace/chortle -DCMAKE_INSTALL_PREFIX=/home/vivi/workspace/chortle/install/chortle
[0.068s] -- The C compiler identification is GNU 11.4.0
[0.124s] -- The CXX compiler identification is GNU 11.4.0
[0.132s] -- Detecting C compiler ABI info
[0.201s] -- Detecting C compiler ABI info - done
[0.210s] -- Check for working C compiler: /usr/bin/cc - skipped
[0.210s] -- Detecting C compile features
[0.211s] -- Detecting C compile features - done
[0.214s] -- Detecting CXX compiler ABI info
[0.296s] -- Detecting CXX compiler ABI info - done
[0.305s] -- Check for working CXX compiler: /usr/bin/c++ - skipped
[0.305s] -- Detecting CXX compile features
[0.306s] -- Detecting CXX compile features - done
[0.308s] -- Found ament_cmake: 1.3.5 (/opt/ros/humble/share/ament_cmake/cmake)
[0.498s] -- Found Python3: /usr/bin/python3.10 (found version "3.10.12") found components: Interpreter 
[0.591s] -- Found ament_lint_auto: 0.12.7 (/opt/ros/humble/share/ament_lint_auto/cmake)
[0.674s] -- Added test 'cppcheck' to perform static code analysis on C / C++ code
[0.674s] -- Configured cppcheck include dirs: $<BUILD_INTERFACE:/home/vivi/workspace/chortle/include>
[0.674s] -- Configured cppcheck exclude dirs and/or files: 
[0.676s] -- Added test 'lint_cmake' to check CMake code style
[0.681s] -- Added test 'uncrustify' to check C / C++ code style
[0.681s] -- Configured uncrustify additional arguments: 
[0.682s] -- Added test 'xmllint' to check XML markup files
[0.683s] -- Configuring done
[0.691s] -- Generating done
[0.692s] -- Build files have been written to: /home/vivi/workspace/chortle/build/chortle
[0.697s] Invoked command in '/home/vivi/workspace/chortle/build/chortle' returned '0': CMAKE_PREFIX_PATH=/opt/ros/humble /usr/bin/cmake /home/vivi/workspace/chortle -DCMAKE_INSTALL_PREFIX=/home/vivi/workspace/chortle/install/chortle
[0.699s] Invoking command in '/home/vivi/workspace/chortle/build/chortle': CMAKE_PREFIX_PATH=/opt/ros/humble /usr/bin/cmake --build /home/vivi/workspace/chortle/build/chortle -- -j8 -l8
[0.749s] [ 50%] [32mBuilding CXX object CMakeFiles/chortle.dir/src/chortle.cpp.o[0m
[0.789s] [100%] [32m[1mLinking CXX executable chortle[0m
[0.834s] [100%] Built target chortle
[0.845s] Invoked command in '/home/vivi/workspace/chortle/build/chortle' returned '0': CMAKE_PREFIX_PATH=/opt/ros/humble /usr/bin/cmake --build /home/vivi/workspace/chortle/build/chortle -- -j8 -l8
[0.878s] Invoking command in '/home/vivi/workspace/chortle/build/chortle': CMAKE_PREFIX_PATH=/opt/ros/humble /usr/bin/cmake --install /home/vivi/workspace/chortle/build/chortle
[0.886s] -- Install configuration: ""
[0.886s] -- Installing: /home/vivi/workspace/chortle/install/chortle/lib/chortle/chortle
[0.886s] -- Installing: /home/vivi/workspace/chortle/install/chortle/share/ament_index/resource_index/package_run_dependencies/chortle
[0.886s] -- Installing: /home/vivi/workspace/chortle/install/chortle/share/ament_index/resource_index/parent_prefix_path/chortle
[0.886s] -- Installing: /home/vivi/workspace/chortle/install/chortle/share/chortle/environment/ament_prefix_path.sh
[0.886s] -- Installing: /home/vivi/workspace/chortle/install/chortle/share/chortle/environment/ament_prefix_path.dsv
[0.887s] -- Installing: /home/vivi/workspace/chortle/install/chortle/share/chortle/environment/path.sh
[0.887s] -- Installing: /home/vivi/workspace/chortle/install/chortle/share/chortle/environment/path.dsv
[0.887s] -- Installing: /home/vivi/workspace/chortle/install/chortle/share/chortle/local_setup.bash
[0.887s] -- Installing: /home/vivi/workspace/chortle/install/chortle/share/chortle/local_setup.sh
[0.887s] -- Installing: /home/vivi/workspace/chortle/install/chortle/share/chortle/local_setup.zsh
[0.887s] -- Installing: /home/vivi/workspace/chortle/install/chortle/share/chortle/local_setup.dsv
[0.887s] -- Installing: /home/vivi/workspace/chortle/install/chortle/share/chortle/package.dsv
[0.888s] -- Installing: /home/vivi/workspace/chortle/install/chortle/share/ament_index/resource_index/packages/chortle
[0.888s] -- Installing: /home/vivi/workspace/chortle/install/chortle/share/chortle/cmake/chortleConfig.cmake
[0.888s] -- Installing: /home/vivi/workspace/chortle/install/chortle/share/chortle/cmake/chortleConfig-version.cmake
[0.888s] -- Installing: /home/vivi/workspace/chortle/install/chortle/share/chortle/package.xml
[0.890s] Invoked command in '/home/vivi/workspace/chortle/build/chortle' returned '0': CMAKE_PREFIX_PATH=/opt/ros/humble /usr/bin/cmake --install /home/vivi/workspace/chortle/build/chortle
