[0.444s] DEBUG:colcon:Command line arguments: ['/usr/bin/colcon', 'build']
[0.444s] DEBUG:colcon:Parsed command line arguments: Namespace(log_base=None, log_level=None, verb_name='build', build_base='build', install_base='install', merge_install=False, symlink_install=False, test_result_base=None, continue_on_error=False, executor='parallel', parallel_workers=8, event_handlers=None, ignore_user_meta=False, metas=['./colcon.meta'], base_paths=['.'], packages_ignore=None, packages_ignore_regex=None, paths=None, packages_up_to=None, packages_up_to_regex=None, packages_above=None, packages_above_and_dependencies=None, packages_above_depth=None, packages_select_by_dep=None, packages_skip_by_dep=None, packages_skip_up_to=None, packages_select_build_failed=False, packages_skip_build_finished=False, packages_select_test_failures=False, packages_skip_test_passed=False, packages_select=None, packages_skip=None, packages_select_regex=None, packages_skip_regex=None, packages_start=None, packages_end=None, allow_overriding=[], cmake_args=None, cmake_target=None, cmake_target_skip_unavailable=False, cmake_clean_cache=False, cmake_clean_first=False, cmake_force_configure=False, ament_cmake_args=None, catkin_cmake_args=None, catkin_skip_building_tests=False, mixin_files=None, mixin=None, verb_parser=<colcon_mixin.mixin.mixin_argument.MixinArgumentDecorator object at 0x7fc66a8d7fa0>, verb_extension=<colcon_core.verb.build.BuildVerb object at 0x7fc66a807850>, main=<bound method BuildVerb.main of <colcon_core.verb.build.BuildVerb object at 0x7fc66a807850>>, mixin_verb=('build',))
[0.472s] Level 1:colcon.colcon_core.package_discovery:discover_packages(colcon_meta) check parameters
[0.472s] Level 1:colcon.colcon_core.package_discovery:discover_packages(recursive) check parameters
[0.473s] Level 1:colcon.colcon_core.package_discovery:discover_packages(ignore) check parameters
[0.473s] Level 1:colcon.colcon_core.package_discovery:discover_packages(path) check parameters
[0.473s] Level 1:colcon.colcon_core.package_discovery:discover_packages(colcon_meta) discover
[0.473s] Level 1:colcon.colcon_core.package_discovery:discover_packages(recursive) discover
[0.473s] INFO:colcon.colcon_core.package_discovery:Crawling recursively for packages in '/home/vivi/workspace/chortle'
[0.473s] Level 1:colcon.colcon_core.package_identification:_identify(.) by extensions ['ignore', 'ignore_ament_install']
[0.473s] Level 1:colcon.colcon_core.package_identification:_identify(.) by extension 'ignore'
[0.473s] Level 1:colcon.colcon_core.package_identification:_identify(.) by extension 'ignore_ament_install'
[0.473s] Level 1:colcon.colcon_core.package_identification:_identify(.) by extensions ['colcon_pkg']
[0.473s] Level 1:colcon.colcon_core.package_identification:_identify(.) by extension 'colcon_pkg'
[0.473s] Level 1:colcon.colcon_core.package_identification:_identify(.) by extensions ['colcon_meta']
[0.473s] Level 1:colcon.colcon_core.package_identification:_identify(.) by extension 'colcon_meta'
[0.473s] Level 1:colcon.colcon_core.package_identification:_identify(.) by extensions ['ros']
[0.473s] Level 1:colcon.colcon_core.package_identification:_identify(.) by extension 'ros'
[0.489s] DEBUG:colcon.colcon_core.package_identification:Package '.' with type 'ros.ament_cmake' and name 'chortle'
[0.489s] Level 1:colcon.colcon_core.package_discovery:discover_packages(recursive) using defaults
[0.489s] Level 1:colcon.colcon_core.package_discovery:discover_packages(ignore) discover
[0.489s] Level 1:colcon.colcon_core.package_discovery:discover_packages(ignore) using defaults
[0.489s] Level 1:colcon.colcon_core.package_discovery:discover_packages(path) discover
[0.489s] Level 1:colcon.colcon_core.package_discovery:discover_packages(path) using defaults
[0.515s] Level 1:colcon.colcon_core.package_discovery:discover_packages(prefix_path) check parameters
[0.515s] Level 1:colcon.colcon_core.package_discovery:discover_packages(prefix_path) discover
[0.519s] DEBUG:colcon.colcon_installed_package_information.package_discovery:Found 312 installed packages in /opt/ros/humble
[0.521s] Level 1:colcon.colcon_core.package_discovery:discover_packages(prefix_path) using defaults
[0.608s] Level 5:colcon.colcon_core.verb:set package 'chortle' build argument 'cmake_args' from command line to 'None'
[0.608s] Level 5:colcon.colcon_core.verb:set package 'chortle' build argument 'cmake_target' from command line to 'None'
[0.608s] Level 5:colcon.colcon_core.verb:set package 'chortle' build argument 'cmake_target_skip_unavailable' from command line to 'False'
[0.608s] Level 5:colcon.colcon_core.verb:set package 'chortle' build argument 'cmake_clean_cache' from command line to 'False'
[0.608s] Level 5:colcon.colcon_core.verb:set package 'chortle' build argument 'cmake_clean_first' from command line to 'False'
[0.608s] Level 5:colcon.colcon_core.verb:set package 'chortle' build argument 'cmake_force_configure' from command line to 'False'
[0.608s] Level 5:colcon.colcon_core.verb:set package 'chortle' build argument 'ament_cmake_args' from command line to 'None'
[0.608s] Level 5:colcon.colcon_core.verb:set package 'chortle' build argument 'catkin_cmake_args' from command line to 'None'
[0.608s] Level 5:colcon.colcon_core.verb:set package 'chortle' build argument 'catkin_skip_building_tests' from command line to 'False'
[0.608s] DEBUG:colcon.colcon_core.verb:Building package 'chortle' with the following arguments: {'ament_cmake_args': None, 'build_base': '/home/vivi/workspace/chortle/build/chortle', 'catkin_cmake_args': None, 'catkin_skip_building_tests': False, 'cmake_args': None, 'cmake_clean_cache': False, 'cmake_clean_first': False, 'cmake_force_configure': False, 'cmake_target': None, 'cmake_target_skip_unavailable': False, 'install_base': '/home/vivi/workspace/chortle/install/chortle', 'merge_install': False, 'path': '/home/vivi/workspace/chortle', 'symlink_install': False, 'test_result_base': None}
[0.609s] INFO:colcon.colcon_core.executor:Executing jobs using 'parallel' executor
[0.613s] DEBUG:colcon.colcon_parallel_executor.executor.parallel:run_until_complete
[0.613s] INFO:colcon.colcon_ros.task.ament_cmake.build:Building ROS package in '/home/vivi/workspace/chortle' with build type 'ament_cmake'
[0.614s] INFO:colcon.colcon_cmake.task.cmake.build:Building CMake package in '/home/vivi/workspace/chortle'
[0.618s] INFO:colcon.colcon_core.plugin_system:Skipping extension 'colcon_core.shell.bat': Not used on non-Windows systems
[0.618s] INFO:colcon.colcon_core.shell:Skip shell extension 'powershell' for command environment: Not usable outside of PowerShell
[0.618s] DEBUG:colcon.colcon_core.shell:Skip shell extension 'dsv' for command environment
[0.628s] DEBUG:colcon.colcon_core.event_handler.log_command:Invoking command in '/home/vivi/workspace/chortle/build/chortle': CMAKE_PREFIX_PATH=/opt/ros/humble /usr/bin/cmake /home/vivi/workspace/chortle -DCMAKE_INSTALL_PREFIX=/home/vivi/workspace/chortle/install/chortle
[1.310s] DEBUG:colcon.colcon_core.event_handler.log_command:Invoked command in '/home/vivi/workspace/chortle/build/chortle' returned '0': CMAKE_PREFIX_PATH=/opt/ros/humble /usr/bin/cmake /home/vivi/workspace/chortle -DCMAKE_INSTALL_PREFIX=/home/vivi/workspace/chortle/install/chortle
[1.312s] DEBUG:colcon.colcon_core.event_handler.log_command:Invoking command in '/home/vivi/workspace/chortle/build/chortle': CMAKE_PREFIX_PATH=/opt/ros/humble /usr/bin/cmake --build /home/vivi/workspace/chortle/build/chortle -- -j8 -l8
[1.458s] DEBUG:colcon.colcon_core.event_handler.log_command:Invoked command in '/home/vivi/workspace/chortle/build/chortle' returned '0': CMAKE_PREFIX_PATH=/opt/ros/humble /usr/bin/cmake --build /home/vivi/workspace/chortle/build/chortle -- -j8 -l8
[1.492s] DEBUG:colcon.colcon_core.event_handler.log_command:Invoking command in '/home/vivi/workspace/chortle/build/chortle': CMAKE_PREFIX_PATH=/opt/ros/humble /usr/bin/cmake --install /home/vivi/workspace/chortle/build/chortle
[1.503s] Level 1:colcon.colcon_core.environment:create_environment_scripts_only(chortle)
[1.504s] DEBUG:colcon.colcon_core.event_handler.log_command:Invoked command in '/home/vivi/workspace/chortle/build/chortle' returned '0': CMAKE_PREFIX_PATH=/opt/ros/humble /usr/bin/cmake --install /home/vivi/workspace/chortle/build/chortle
[1.509s] Level 1:colcon.colcon_core.environment:checking '/home/vivi/workspace/chortle/install/chortle' for CMake module files
[1.509s] Level 1:colcon.colcon_core.environment:checking '/home/vivi/workspace/chortle/install/chortle' for CMake config files
[1.510s] Level 1:colcon.colcon_core.shell:create_environment_hook('chortle', 'cmake_prefix_path')
[1.511s] INFO:colcon.colcon_core.shell:Creating environment hook '/home/vivi/workspace/chortle/install/chortle/share/chortle/hook/cmake_prefix_path.ps1'
[1.512s] INFO:colcon.colcon_core.shell:Creating environment descriptor '/home/vivi/workspace/chortle/install/chortle/share/chortle/hook/cmake_prefix_path.dsv'
[1.512s] INFO:colcon.colcon_core.shell:Creating environment hook '/home/vivi/workspace/chortle/install/chortle/share/chortle/hook/cmake_prefix_path.sh'
[1.513s] Level 1:colcon.colcon_core.environment:checking '/home/vivi/workspace/chortle/install/chortle/lib'
[1.513s] Level 1:colcon.colcon_core.environment:checking '/home/vivi/workspace/chortle/install/chortle/bin'
[1.513s] Level 1:colcon.colcon_core.environment:checking '/home/vivi/workspace/chortle/install/chortle/lib/pkgconfig/chortle.pc'
[1.514s] Level 1:colcon.colcon_core.environment:checking '/home/vivi/workspace/chortle/install/chortle/lib/python3.10/site-packages'
[1.514s] Level 1:colcon.colcon_core.environment:checking '/home/vivi/workspace/chortle/install/chortle/bin'
[1.516s] INFO:colcon.colcon_core.shell:Creating package script '/home/vivi/workspace/chortle/install/chortle/share/chortle/package.ps1'
[1.516s] INFO:colcon.colcon_core.shell:Creating package descriptor '/home/vivi/workspace/chortle/install/chortle/share/chortle/package.dsv'
[1.517s] INFO:colcon.colcon_core.shell:Creating package script '/home/vivi/workspace/chortle/install/chortle/share/chortle/package.sh'
[1.518s] INFO:colcon.colcon_core.shell:Creating package script '/home/vivi/workspace/chortle/install/chortle/share/chortle/package.bash'
[1.518s] INFO:colcon.colcon_core.shell:Creating package script '/home/vivi/workspace/chortle/install/chortle/share/chortle/package.zsh'
[1.519s] Level 1:colcon.colcon_core.environment:create_file_with_runtime_dependencies(/home/vivi/workspace/chortle/install/chortle/share/colcon-core/packages/chortle)
[1.544s] Level 1:colcon.colcon_core.environment:create_environment_scripts_only(chortle)
[1.546s] Level 1:colcon.colcon_core.environment:checking '/home/vivi/workspace/chortle/install/chortle' for CMake module files
[1.547s] Level 1:colcon.colcon_core.environment:checking '/home/vivi/workspace/chortle/install/chortle' for CMake config files
[1.547s] Level 1:colcon.colcon_core.shell:create_environment_hook('chortle', 'cmake_prefix_path')
[1.549s] INFO:colcon.colcon_core.shell:Creating environment hook '/home/vivi/workspace/chortle/install/chortle/share/chortle/hook/cmake_prefix_path.ps1'
[1.549s] INFO:colcon.colcon_core.shell:Creating environment descriptor '/home/vivi/workspace/chortle/install/chortle/share/chortle/hook/cmake_prefix_path.dsv'
[1.550s] INFO:colcon.colcon_core.shell:Creating environment hook '/home/vivi/workspace/chortle/install/chortle/share/chortle/hook/cmake_prefix_path.sh'
[1.550s] Level 1:colcon.colcon_core.environment:checking '/home/vivi/workspace/chortle/install/chortle/lib'
[1.550s] Level 1:colcon.colcon_core.environment:checking '/home/vivi/workspace/chortle/install/chortle/bin'
[1.550s] Level 1:colcon.colcon_core.environment:checking '/home/vivi/workspace/chortle/install/chortle/lib/pkgconfig/chortle.pc'
[1.551s] Level 1:colcon.colcon_core.environment:checking '/home/vivi/workspace/chortle/install/chortle/lib/python3.10/site-packages'
[1.551s] Level 1:colcon.colcon_core.environment:checking '/home/vivi/workspace/chortle/install/chortle/bin'
[1.553s] INFO:colcon.colcon_core.shell:Creating package script '/home/vivi/workspace/chortle/install/chortle/share/chortle/package.ps1'
[1.553s] INFO:colcon.colcon_core.shell:Creating package descriptor '/home/vivi/workspace/chortle/install/chortle/share/chortle/package.dsv'
[1.554s] INFO:colcon.colcon_core.shell:Creating package script '/home/vivi/workspace/chortle/install/chortle/share/chortle/package.sh'
[1.554s] INFO:colcon.colcon_core.shell:Creating package script '/home/vivi/workspace/chortle/install/chortle/share/chortle/package.bash'
[1.555s] INFO:colcon.colcon_core.shell:Creating package script '/home/vivi/workspace/chortle/install/chortle/share/chortle/package.zsh'
[1.555s] Level 1:colcon.colcon_core.environment:create_file_with_runtime_dependencies(/home/vivi/workspace/chortle/install/chortle/share/colcon-core/packages/chortle)
[1.555s] DEBUG:colcon.colcon_parallel_executor.executor.parallel:closing loop
[1.556s] DEBUG:colcon.colcon_parallel_executor.executor.parallel:loop closed
[1.556s] DEBUG:colcon.colcon_parallel_executor.executor.parallel:run_until_complete finished with '0'
[1.556s] DEBUG:colcon.colcon_core.event_reactor:joining thread
[1.562s] INFO:colcon.colcon_core.plugin_system:Skipping extension 'colcon_notification.desktop_notification.terminal_notifier': Not used on non-Darwin systems
[1.562s] INFO:colcon.colcon_core.plugin_system:Skipping extension 'colcon_notification.desktop_notification.win32': Not used on non-Windows systems
[1.562s] INFO:colcon.colcon_notification.desktop_notification:Sending desktop notification using 'notify2'
[1.577s] DEBUG:colcon.colcon_core.event_reactor:joined thread
[1.580s] INFO:colcon.colcon_core.shell:Creating prefix script '/home/vivi/workspace/chortle/install/local_setup.ps1'
[1.581s] INFO:colcon.colcon_core.shell:Creating prefix util module '/home/vivi/workspace/chortle/install/_local_setup_util_ps1.py'
[1.582s] INFO:colcon.colcon_core.shell:Creating prefix chain script '/home/vivi/workspace/chortle/install/setup.ps1'
[1.584s] INFO:colcon.colcon_core.shell:Creating prefix script '/home/vivi/workspace/chortle/install/local_setup.sh'
[1.585s] INFO:colcon.colcon_core.shell:Creating prefix util module '/home/vivi/workspace/chortle/install/_local_setup_util_sh.py'
[1.585s] INFO:colcon.colcon_core.shell:Creating prefix chain script '/home/vivi/workspace/chortle/install/setup.sh'
[1.586s] INFO:colcon.colcon_core.shell:Creating prefix script '/home/vivi/workspace/chortle/install/local_setup.bash'
[1.587s] INFO:colcon.colcon_core.shell:Creating prefix chain script '/home/vivi/workspace/chortle/install/setup.bash'
[1.588s] INFO:colcon.colcon_core.shell:Creating prefix script '/home/vivi/workspace/chortle/install/local_setup.zsh'
[1.589s] INFO:colcon.colcon_core.shell:Creating prefix chain script '/home/vivi/workspace/chortle/install/setup.zsh'
